This file contains any messages produced by compilers while
running configure, to aid debugging if configure makes a mistake.

It was created by libpng configure 1.5.7, which was
generated by GNU Autoconf 2.68.  Invocation command line was

  $ ./configure --host=psp

## --------- ##
## Platform. ##
## --------- ##

hostname = myhost
uname -m = x86_64
uname -r = 3.1.7-1-ARCH
uname -s = Linux
uname -v = #1 SMP PREEMPT Wed Jan 4 08:11:16 CET 2012

/usr/bin/uname -p = unknown
/bin/uname -X     = unknown

/bin/arch              = x86_64
/usr/bin/arch -k       = unknown
/usr/convex/getsysinfo = unknown
/usr/bin/hostinfo      = unknown
/bin/machine           = unknown
/usr/bin/oslevel       = unknown
/bin/universe          = unknown

PATH: /usr/local/bin
PATH: /usr/bin
PATH: /bin
PATH: /usr/local/sbin
PATH: /usr/sbin
PATH: /sbin
PATH: /opt/java/jre/bin
PATH: /usr/bin/core_perl
PATH: /opt/pspsdk/bin
PATH: /opt/pspsdk/psp/sdk/bin


## ----------- ##
## Core tests. ##
## ----------- ##

configure:2320: checking for a BSD-compatible install
configure:2388: result: /bin/install -c
configure:2399: checking whether build environment is sane
configure:2449: result: yes
configure:2498: checking for psp-strip
configure:2514: found /opt/pspsdk/bin/psp-strip
configure:2525: result: psp-strip
configure:2590: checking for a thread-safe mkdir -p
configure:2629: result: /bin/mkdir -p
configure:2642: checking for gawk
configure:2658: found /usr/bin/gawk
configure:2669: result: gawk
configure:2680: checking whether make sets $(MAKE)
configure:2702: result: yes
configure:2783: checking whether to enable maintainer-specific portions of Makefiles
configure:2792: result: no
configure:2831: checking for psp-gcc
configure:2847: found /opt/pspsdk/bin/psp-gcc
configure:2858: result: psp-gcc
configure:3127: checking for C compiler version
configure:3136: psp-gcc --version >&5
psp-gcc (GCC) 4.3.5
Copyright (C) 2008 Free Software Foundation, Inc.
This is free software; see the source for copying conditions.  There is NO
warranty; not even for MERCHANTABILITY or FITNESS FOR A PARTICULAR PURPOSE.

configure:3147: $? = 0
configure:3136: psp-gcc -v >&5
Using built-in specs.
Target: psp
Configured with: ../../gcc-4.3.5/configure --disable-multilib --prefix=/home/polo/Projects/minpspw/../pspsdk --target=psp --enable-languages=c,c++,objc,obj-c++,d --enable-cxx-flags=-G0 --with-newlib --with-headers --disable-win32-registry --disable-nls --disable-libstdcxx-pch --with-libiconv-prefix=/usr --with-gmp-include=/home/polo/Projects/minpspw/deps/local/include --with-gmp-lib=/home/polo/Projects/minpspw/deps/local/lib --with-mpfr-include=/home/polo/Projects/minpspw/deps/local/include --with-mpfr-lib=/home/polo/Projects/minpspw/deps/local/lib
Thread model: single
gcc version 4.3.5 (GCC) 
configure:3147: $? = 0
configure:3136: psp-gcc -V >&5
psp-gcc: '-V' option must have argument
configure:3147: $? = 1
configure:3136: psp-gcc -qversion >&5
psp-gcc: unrecognized option '-qversion'
psp-gcc: no input files
configure:3147: $? = 1
configure:3167: checking whether the C compiler works
configure:3189: psp-gcc    conftest.c  >&5
/opt/pspsdk/bin/../lib/gcc/psp/4.3.5/../../../../psp/lib/crt0.o: In function `_start':
../../../../pspsdk/src/startup/crt0.c:149: undefined reference to `sceKernelCreateThread'
../../../../pspsdk/src/startup/crt0.c:150: undefined reference to `sceKernelStartThread'
/opt/pspsdk/bin/../lib/gcc/psp/4.3.5/../../../../psp/lib/crt0.o: In function `_main':
../../../../pspsdk/src/startup/crt0.c:68: undefined reference to `strlen'
../../../../pspsdk/src/startup/crt0.c:83: undefined reference to `atexit'
../../../../pspsdk/src/startup/crt0.c:89: undefined reference to `exit'
configure:3193: $? = 1
configure:3231: result: no
configure: failed program was:
| /* confdefs.h */
| #define PACKAGE_NAME "libpng"
| #define PACKAGE_TARNAME "libpng"
| #define PACKAGE_VERSION "1.5.7"
| #define PACKAGE_STRING "libpng 1.5.7"
| #define PACKAGE_BUGREPORT "png-mng-implement@lists.sourceforge.net"
| #define PACKAGE_URL ""
| #define PACKAGE "libpng"
| #define VERSION "1.5.7"
| /* end confdefs.h.  */
| 
| int
| main ()
| {
| 
|   ;
|   return 0;
| }
configure:3236: error: in `/media/SD/PSP/psp-ports/libpng':
configure:3238: error: C compiler cannot create executables
See `config.log' for more details

## ---------------- ##
## Cache variables. ##
## ---------------- ##

ac_cv_env_CCASFLAGS_set=
ac_cv_env_CCASFLAGS_value=
ac_cv_env_CCAS_set=
ac_cv_env_CCAS_value=
ac_cv_env_CC_set=
ac_cv_env_CC_value=
ac_cv_env_CFLAGS_set=
ac_cv_env_CFLAGS_value=
ac_cv_env_CPPFLAGS_set=
ac_cv_env_CPPFLAGS_value=
ac_cv_env_CPP_set=
ac_cv_env_CPP_value=
ac_cv_env_LDFLAGS_set=
ac_cv_env_LDFLAGS_value=
ac_cv_env_LIBS_set=
ac_cv_env_LIBS_value=
ac_cv_env_build_alias_set=
ac_cv_env_build_alias_value=
ac_cv_env_host_alias_set=set
ac_cv_env_host_alias_value=psp
ac_cv_env_target_alias_set=
ac_cv_env_target_alias_value=
ac_cv_path_install='/bin/install -c'
ac_cv_path_mkdir=/bin/mkdir
ac_cv_prog_AWK=gawk
ac_cv_prog_CC=psp-gcc
ac_cv_prog_STRIP=psp-strip
ac_cv_prog_make_make_set=yes

## ----------------- ##
## Output variables. ##
## ----------------- ##

ACLOCAL='${SHELL} /media/SD/PSP/psp-ports/libpng/missing --run aclocal-1.11'
AMDEPBACKSLASH=''
AMDEP_FALSE=''
AMDEP_TRUE=''
AMTAR='${SHELL} /media/SD/PSP/psp-ports/libpng/missing --run tar'
AM_CCASFLAGS=''
AR=''
AS=''
AUTOCONF='${SHELL} /media/SD/PSP/psp-ports/libpng/missing --run autoconf'
AUTOHEADER='${SHELL} /media/SD/PSP/psp-ports/libpng/missing --run autoheader'
AUTOMAKE='${SHELL} /media/SD/PSP/psp-ports/libpng/missing --run automake-1.11'
AWK='gawk'
CC='psp-gcc'
CCAS=''
CCASDEPMODE=''
CCASFLAGS=''
CCDEPMODE=''
CFLAGS=''
CPP=''
CPPFLAGS=''
CYGPATH_W='echo'
DEFS=''
DEPDIR=''
DFNCPP=''
DLLTOOL=''
DSYMUTIL=''
DUMPBIN=''
ECHO_C=''
ECHO_N='-n'
ECHO_T=''
EGREP=''
EXEEXT=''
FGREP=''
GREP=''
HAVE_LD_VERSION_SCRIPT_FALSE=''
HAVE_LD_VERSION_SCRIPT_TRUE=''
HAVE_SOLARIS_LD_FALSE=''
HAVE_SOLARIS_LD_TRUE=''
INSTALL_DATA='${INSTALL} -m 644'
INSTALL_PROGRAM='${INSTALL}'
INSTALL_SCRIPT='${INSTALL}'
INSTALL_STRIP_PROGRAM='$(install_sh) -c -s'
LD=''
LDFLAGS=''
LIBOBJS=''
LIBPNG_DEFINES=''
LIBS=''
LIBTOOL=''
LIPO=''
LN_S=''
LTLIBOBJS=''
MAINT='#'
MAINTAINER_MODE_FALSE=''
MAINTAINER_MODE_TRUE='#'
MAKEINFO='${SHELL} /media/SD/PSP/psp-ports/libpng/missing --run makeinfo'
MANIFEST_TOOL=''
MKDIR_P='/bin/mkdir -p'
NM=''
NMEDIT=''
OBJDUMP=''
OBJEXT=''
OTOOL64=''
OTOOL=''
PACKAGE='libpng'
PACKAGE_BUGREPORT='png-mng-implement@lists.sourceforge.net'
PACKAGE_NAME='libpng'
PACKAGE_STRING='libpng 1.5.7'
PACKAGE_TARNAME='libpng'
PACKAGE_URL=''
PACKAGE_VERSION='1.5.7'
PATH_SEPARATOR=':'
PNGLIB_MAJOR='1'
PNGLIB_MINOR='5'
PNGLIB_RELEASE='7'
PNGLIB_VERSION='1.5.7'
PNG_ARM_NEON_FALSE=''
PNG_ARM_NEON_TRUE=''
POW_LIB=''
RANLIB=''
SED=''
SET_MAKE=''
SHELL='/bin/sh'
STRIP='psp-strip'
SYMBOL_PREFIX=''
VERSION='1.5.7'
ac_ct_AR=''
ac_ct_CC=''
ac_ct_DUMPBIN=''
am__EXEEXT_FALSE=''
am__EXEEXT_TRUE=''
am__fastdepCCAS_FALSE=''
am__fastdepCCAS_TRUE=''
am__fastdepCC_FALSE=''
am__fastdepCC_TRUE=''
am__include=''
am__isrc=''
am__leading_dot='.'
am__quote=''
am__tar='${AMTAR} chof - "$$tardir"'
am__untar='${AMTAR} xf -'
binconfigs=''
bindir='${exec_prefix}/bin'
build=''
build_alias=''
build_cpu=''
build_os=''
build_vendor=''
datadir='${datarootdir}'
datarootdir='${prefix}/share'
docdir='${datarootdir}/doc/${PACKAGE_TARNAME}'
dvidir='${docdir}'
exec_prefix='NONE'
host='psp'
host_alias='psp'
host_cpu=''
host_os=''
host_vendor=''
htmldir='${docdir}'
includedir='${prefix}/include'
infodir='${datarootdir}/info'
install_sh='${SHELL} /media/SD/PSP/psp-ports/libpng/install-sh'
libdir='${exec_prefix}/lib'
libexecdir='${exec_prefix}/libexec'
localedir='${datarootdir}/locale'
localstatedir='${prefix}/var'
mandir='${datarootdir}/man'
mkdir_p='/bin/mkdir -p'
oldincludedir='/usr/include'
pdfdir='${docdir}'
pkgconfigdir=''
prefix='NONE'
program_transform_name='s,x,x,'
psdir='${docdir}'
sbindir='${exec_prefix}/sbin'
sharedstatedir='${prefix}/com'
sysconfdir='${prefix}/etc'
target_alias=''

## ----------- ##
## confdefs.h. ##
## ----------- ##

/* confdefs.h */
#define PACKAGE_NAME "libpng"
#define PACKAGE_TARNAME "libpng"
#define PACKAGE_VERSION "1.5.7"
#define PACKAGE_STRING "libpng 1.5.7"
#define PACKAGE_BUGREPORT "png-mng-implement@lists.sourceforge.net"
#define PACKAGE_URL ""
#define PACKAGE "libpng"
#define VERSION "1.5.7"

configure: exit 77
